optseq2
$Id: optseq2.c,v 2.22 2011/04/21 19:48:51 greve Exp $
NoSearch  = 0
tSearch  = 1 hours
nKeep    = 20
PctUpdate  = 10.000000
nCB1Opt  = 0
seed     = 465137
Ntp  = 300
TR   = 1
TPreScan   = 0
PSD Window   = 0 20 1
nEvTypes = 13
EvNo    Label Duration nRepsNom
 1 OnePulse_1  2.000    3
 2 OnePulse_2  2.000    3
 3 OnePulse_3  2.000    3
 4 OnePulse_4  2.000    3
 5 OnePulse_5  2.000    3
 6 OnePulse_6  2.000    3
 7 TwoPulse_1  2.000    3
 8 TwoPulse_2  2.000    3
 9 TwoPulse_3  2.000    3
10 TwoPulse_4  2.000    3
11 TwoPulse_5  2.000    3
12 TwoPulse_6  2.000    3
13 BlankPulse  2.000    3
PctVarEvReps = 0
VarEvRepsPerCond = 0
PolyOrder = -1
tNullMax = 15
tNullMin = 3
AR1 = 0
No refractory penalty
Cost = eff
OutStem = task-tact
Summary File = sumFile.sum

Pct nSrch MinSrch Cost Eff Cb1Err VRFAvg VRFStd VRFMin VRFMax VRFRange nSince

BeginUpdateLog
 0       1     0.0   0.00170545  0.00170545  1.5483  0.560553  0.285717  0.102704  1.49819  1.39549 2901.78 0
 0      21     0.0   0.00214352  0.00214352  1.5247  0.687463  0.3362  0.177649  2.27503  2.09738 2861.84 0
 0      21     0.0   0.00214352  0.00214352  1.5247  0.687463  0.3362  0.177649  2.27503  2.09738 2861.84 0
 0      22     0.0   0.00214352  0.00214352  1.5247  0.687463  0.3362  0.177649  2.27503  2.09738 2861.84 0
 0      22     0.0   0.00214352  0.00214352  1.5247  0.687463  0.3362  0.177649  2.27503  2.09738 2861.84 0
 0      23     0.0   0.00214352  0.00214352  1.5247  0.687463  0.3362  0.177649  2.27503  2.09738 2861.84 0
 0      23     0.0   0.00214352  0.00214352  1.5247  0.687463  0.3362  0.177649  2.27503  2.09738 2861.84 0
 0      25     0.1   0.00214352  0.00214352  1.5247  0.687463  0.3362  0.177649  2.27503  2.09738 2861.84 1
 0      25     0.1   0.00215757  0.00215757  1.5483  0.650275  0.274064  0.212757  1.56476  1.35201 2859.92 0
 0      26     0.1   0.00215757  0.00215757  1.5483  0.650275  0.274064  0.212757  1.56476  1.35201 2859.92 0
 0      26     0.1   0.00215757  0.00215757  1.5483  0.650275  0.274064  0.212757  1.56476  1.35201 2859.92 0
 0      27     0.1   0.00215757  0.00215757  1.5483  0.650275  0.274064  0.212757  1.56476  1.35201 2859.92 0
 0      27     0.1   0.00215757  0.00215757  1.5483  0.650275  0.274064  0.212757  1.56476  1.35201 2859.92 0
 0      29     0.1   0.00215757  0.00215757  1.5483  0.650275  0.274064  0.212757  1.56476  1.35201 2859.92 1
 0      29     0.1   0.00216653  0.00216653  1.5720  0.647838  0.282104  0.265461  1.76076  1.4953 2921.48 0
 0      30     0.1   0.00216653  0.00216653  1.5720  0.647838  0.282104  0.265461  1.76076  1.4953 2921.48 0
 0      30     0.1   0.00222561  0.00222561  1.5247  0.654524  0.267896  0.299443  1.58647  1.28702 2872.61 0
 0      31     0.1   0.00222561  0.00222561  1.5247  0.654524  0.267896  0.299443  1.58647  1.28702 2872.61 0
 0      31     0.1   0.00222561  0.00222561  1.5247  0.654524  0.267896  0.299443  1.58647  1.28702 2872.61 0
 0      32     0.1   0.00222561  0.00222561  1.5247  0.654524  0.267896  0.299443  1.58647  1.28702 2872.61 0
 0      32     0.1   0.00222561  0.00222561  1.5247  0.654524  0.267896  0.299443  1.58647  1.28702 2872.61 0
 0      33     0.1   0.00222561  0.00222561  1.5247  0.654524  0.267896  0.299443  1.58647  1.28702 2872.61 0
 0      33     0.1   0.00222561  0.00222561  1.5247  0.654524  0.267896  0.299443  1.58647  1.28702 2872.61 0
 0      34     0.1   0.00222561  0.00222561  1.5247  0.654524  0.267896  0.299443  1.58647  1.28702 2872.61 0
 0      34     0.1   0.00222561  0.00222561  1.5247  0.654524  0.267896  0.299443  1.58647  1.28702 2872.61 0
 0      35     0.1   0.00222561  0.00222561  1.5247  0.654524  0.267896  0.299443  1.58647  1.28702 2872.61 0
 0      35     0.1   0.00222561  0.00222561  1.5247  0.654524  0.267896  0.299443  1.58647  1.28702 2872.61 0
 0      36     0.1   0.00222561  0.00222561  1.5247  0.654524  0.267896  0.299443  1.58647  1.28702 2872.61 0
 0      36     0.1   0.00225291  0.00225291  1.5365  0.638485  0.210442  0.304815  1.5249  1.22009 2874.32 0
 0      37     0.1   0.00225291  0.00225291  1.5365  0.638485  0.210442  0.304815  1.5249  1.22009 2874.32 0
 0      37     0.1   0.00232534  0.00232534  1.5720  0.677062  0.251386  0.288833  1.51503  1.2262 2864.65 0
 0      42     0.1   0.00232534  0.00232534  1.5720  0.677062  0.251386  0.288833  1.51503  1.2262 2864.65 4
 0      42     0.1   0.00232534  0.00232534  1.5720  0.677062  0.251386  0.288833  1.51503  1.2262 2864.65 0
 0      43     0.1   0.00232534  0.00232534  1.5720  0.677062  0.251386  0.288833  1.51503  1.2262 2864.65 0
 0      43     0.1   0.00232534  0.00232534  1.5720  0.677062  0.251386  0.288833  1.51503  1.2262 2864.65 0
 0      44     0.1   0.00232534  0.00232534  1.5720  0.677062  0.251386  0.288833  1.51503  1.2262 2864.65 0
 0      44     0.1   0.00232534  0.00232534  1.5720  0.677062  0.251386  0.288833  1.51503  1.2262 2864.65 0
 0      45     0.1   0.00232534  0.00232534  1.5720  0.677062  0.251386  0.288833  1.51503  1.2262 2864.65 0
 0      45     0.1   0.00232534  0.00232534  1.5720  0.677062  0.251386  0.288833  1.51503  1.2262 2864.65 0
 0      46     0.1   0.00232534  0.00232534  1.5720  0.677062  0.251386  0.288833  1.51503  1.2262 2864.65 0
 0      46     0.1   0.00232534  0.00232534  1.5720  0.677062  0.251386  0.288833  1.51503  1.2262 2864.65 0
 0      48     0.1   0.00232534  0.00232534  1.5720  0.677062  0.251386  0.288833  1.51503  1.2262 2864.65 1
 0      48     0.1   0.00232534  0.00232534  1.5720  0.677062  0.251386  0.288833  1.51503  1.2262 2864.65 0
 0      50     0.1   0.00232534  0.00232534  1.5720  0.677062  0.251386  0.288833  1.51503  1.2262 2864.65 1
 0      50     0.1   0.00232534  0.00232534  1.5720  0.677062  0.251386  0.288833  1.51503  1.2262 2864.65 0
 0      51     0.1   0.00232534  0.00232534  1.5720  0.677062  0.251386  0.288833  1.51503  1.2262 2864.65 0
 0      51     0.1   0.00232534  0.00232534  1.5720  0.677062  0.251386  0.288833  1.51503  1.2262 2864.65 0
 0      60     0.1   0.00232534  0.00232534  1.5720  0.677062  0.251386  0.288833  1.51503  1.2262 2864.65 8
 0      60     0.1   0.00232534  0.00232534  1.5720  0.677062  0.251386  0.288833  1.51503  1.2262 2864.65 0
 0      65     0.1   0.00232534  0.00232534  1.5720  0.677062  0.251386  0.288833  1.51503  1.2262 2864.65 4
 0      65     0.1   0.00232534  0.00232534  1.5720  0.677062  0.251386  0.288833  1.51503  1.2262 2864.65 0
 0      66     0.1   0.00232534  0.00232534  1.5720  0.677062  0.251386  0.288833  1.51503  1.2262 2864.65 0
 0      66     0.1   0.00232534  0.00232534  1.5720  0.677062  0.251386  0.288833  1.51503  1.2262 2864.65 0
 0      76     0.1   0.00232534  0.00232534  1.5720  0.677062  0.251386  0.288833  1.51503  1.2262 2864.65 9
 0      76     0.1   0.00232534  0.00232534  1.5720  0.677062  0.251386  0.288833  1.51503  1.2262 2864.65 0
 0      85     0.1   0.00232534  0.00232534  1.5720  0.677062  0.251386  0.288833  1.51503  1.2262 2864.65 8
 0      85     0.1   0.00232534  0.00232534  1.5720  0.677062  0.251386  0.288833  1.51503  1.2262 2864.65 0
 0      99     0.2   0.00232534  0.00232534  1.5720  0.677062  0.251386  0.288833  1.51503  1.2262 2864.65 13
 0      99     0.2   0.00232534  0.00232534  1.5720  0.677062  0.251386  0.288833  1.51503  1.2262 2864.65 0
 0     106     0.2   0.00232534  0.00232534  1.5720  0.677062  0.251386  0.288833  1.51503  1.2262 2864.65 6
 0     106     0.2   0.00232534  0.00232534  1.5720  0.677062  0.251386  0.288833  1.51503  1.2262 2864.65 0
 0     114     0.2   0.00232534  0.00232534  1.5720  0.677062  0.251386  0.288833  1.51503  1.2262 2864.65 7
 0     114     0.2   0.00232534  0.00232534  1.5720  0.677062  0.251386  0.288833  1.51503  1.2262 2864.65 0
 0     121     0.2   0.00232534  0.00232534  1.5720  0.677062  0.251386  0.288833  1.51503  1.2262 2864.65 6
 0     121     0.2   0.00232534  0.00232534  1.5720  0.677062  0.251386  0.288833  1.51503  1.2262 2864.65 0
 0     125     0.2   0.00232534  0.00232534  1.5720  0.677062  0.251386  0.288833  1.51503  1.2262 2864.65 3
 0     125     0.2   0.00232534  0.00232534  1.5720  0.677062  0.251386  0.288833  1.51503  1.2262 2864.65 0
 0     127     0.2   0.00232534  0.00232534  1.5720  0.677062  0.251386  0.288833  1.51503  1.2262 2864.65 1
 0     127     0.2   0.00232534  0.00232534  1.5720  0.677062  0.251386  0.288833  1.51503  1.2262 2864.65 0
 0     128     0.2   0.00232534  0.00232534  1.5720  0.677062  0.251386  0.288833  1.51503  1.2262 2864.65 0
 0     128     0.2   0.00232534  0.00232534  1.5720  0.677062  0.251386  0.288833  1.51503  1.2262 2864.65 0
 0     134     0.2   0.00232534  0.00232534  1.5720  0.677062  0.251386  0.288833  1.51503  1.2262 2864.65 5
 0     134     0.2   0.00232534  0.00232534  1.5720  0.677062  0.251386  0.288833  1.51503  1.2262 2864.65 0
 0     135     0.2   0.00232534  0.00232534  1.5720  0.677062  0.251386  0.288833  1.51503  1.2262 2864.65 0
 0     135     0.2   0.00232534  0.00232534  1.5720  0.677062  0.251386  0.288833  1.51503  1.2262 2864.65 0
 0     139     0.2   0.00232534  0.00232534  1.5720  0.677062  0.251386  0.288833  1.51503  1.2262 2864.65 3
 0     139     0.2   0.00232534  0.00232534  1.5720  0.677062  0.251386  0.288833  1.51503  1.2262 2864.65 0
 0     147     0.2   0.00232534  0.00232534  1.5720  0.677062  0.251386  0.288833  1.51503  1.2262 2864.65 7
 0     147     0.2   0.00232534  0.00232534  1.5720  0.677062  0.251386  0.288833  1.51503  1.2262 2864.65 0
 0     148     0.2   0.00232534  0.00232534  1.5720  0.677062  0.251386  0.288833  1.51503  1.2262 2864.65 0
 0     148     0.2   0.00232534  0.00232534  1.5720  0.677062  0.251386  0.288833  1.51503  1.2262 2864.65 0
 0     150     0.2   0.00232534  0.00232534  1.5720  0.677062  0.251386  0.288833  1.51503  1.2262 2864.65 1
 0     150     0.2   0.00232534  0.00232534  1.5720  0.677062  0.251386  0.288833  1.51503  1.2262 2864.65 0
 0     152     0.3   0.00232534  0.00232534  1.5720  0.677062  0.251386  0.288833  1.51503  1.2262 2864.65 1
 0     152     0.3   0.00232534  0.00232534  1.5720  0.677062  0.251386  0.288833  1.51503  1.2262 2864.65 0
 0     161     0.3   0.00232534  0.00232534  1.5720  0.677062  0.251386  0.288833  1.51503  1.2262 2864.65 8
 0     161     0.3   0.00232534  0.00232534  1.5720  0.677062  0.251386  0.288833  1.51503  1.2262 2864.65 0
 0     166     0.3   0.00232534  0.00232534  1.5720  0.677062  0.251386  0.288833  1.51503  1.2262 2864.65 4
 0     166     0.3   0.00232534  0.00232534  1.5720  0.677062  0.251386  0.288833  1.51503  1.2262 2864.65 0
 0     171     0.3   0.00232534  0.00232534  1.5720  0.677062  0.251386  0.288833  1.51503  1.2262 2864.65 4
 0     171     0.3   0.00234661  0.00234661  1.5247  0.688322  0.277586  0.234078  1.56725  1.33317 2940.05 0
 0     172     0.3   0.00234661  0.00234661  1.5247  0.688322  0.277586  0.234078  1.56725  1.33317 2940.05 0
 0     172     0.3   0.00234661  0.00234661  1.5247  0.688322  0.277586  0.234078  1.56725  1.33317 2940.05 0
 1     192     0.3   0.00234661  0.00234661  1.5247  0.688322  0.277586  0.234078  1.56725  1.33317 2940.05 19
 1     192     0.3   0.00234661  0.00234661  1.5247  0.688322  0.277586  0.234078  1.56725  1.33317 2940.05 0
 1     198     0.3   0.00234661  0.00234661  1.5247  0.688322  0.277586  0.234078  1.56725  1.33317 2940.05 5
 1     198     0.3   0.00234661  0.00234661  1.5247  0.688322  0.277586  0.234078  1.56725  1.33317 2940.05 0
 1     207     0.3   0.00234661  0.00234661  1.5247  0.688322  0.277586  0.234078  1.56725  1.33317 2940.05 8
 1     207     0.3   0.00234661  0.00234661  1.5247  0.688322  0.277586  0.234078  1.56725  1.33317 2940.05 0
 1     214     0.4   0.00234661  0.00234661  1.5247  0.688322  0.277586  0.234078  1.56725  1.33317 2940.05 6
 1     214     0.4   0.00234661  0.00234661  1.5247  0.688322  0.277586  0.234078  1.56725  1.33317 2940.05 0
 1     221     0.4   0.00234661  0.00234661  1.5247  0.688322  0.277586  0.234078  1.56725  1.33317 2940.05 6
 1     221     0.4   0.00234661  0.00234661  1.5247  0.688322  0.277586  0.234078  1.56725  1.33317 2940.05 0
 1     223     0.4   0.00234661  0.00234661  1.5247  0.688322  0.277586  0.234078  1.56725  1.33317 2940.05 1
 1     223     0.4   0.00234661  0.00234661  1.5247  0.688322  0.277586  0.234078  1.56725  1.33317 2940.05 0
 1     230     0.4   0.00234661  0.00234661  1.5247  0.688322  0.277586  0.234078  1.56725  1.33317 2940.05 6
 1     230     0.4   0.00234661  0.00234661  1.5247  0.688322  0.277586  0.234078  1.56725  1.33317 2940.05 0
 1     237     0.4   0.00234661  0.00234661  1.5247  0.688322  0.277586  0.234078  1.56725  1.33317 2940.05 6
 1     237     0.4   0.00234661  0.00234661  1.5247  0.688322  0.277586  0.234078  1.56725  1.33317 2940.05 0
 1     257     0.4   0.00234661  0.00234661  1.5247  0.688322  0.277586  0.234078  1.56725  1.33317 2940.05 19
 1     257     0.4   0.00234661  0.00234661  1.5247  0.688322  0.277586  0.234078  1.56725  1.33317 2940.05 0
 1     270     0.4   0.00234661  0.00234661  1.5247  0.688322  0.277586  0.234078  1.56725  1.33317 2940.05 12
 1     270     0.4   0.00234661  0.00234661  1.5247  0.688322  0.277586  0.234078  1.56725  1.33317 2940.05 0
 1     280     0.5   0.00234661  0.00234661  1.5247  0.688322  0.277586  0.234078  1.56725  1.33317 2940.05 9
 1     280     0.5   0.00234661  0.00234661  1.5247  0.688322  0.277586  0.234078  1.56725  1.33317 2940.05 0
 1     329     0.5   0.00234661  0.00234661  1.5247  0.688322  0.277586  0.234078  1.56725  1.33317 2940.05 48
 1     329     0.5   0.00234661  0.00234661  1.5247  0.688322  0.277586  0.234078  1.56725  1.33317 2940.05 0
 1     346     0.6   0.00234661  0.00234661  1.5247  0.688322  0.277586  0.234078  1.56725  1.33317 2940.05 16
 1     346     0.6   0.00234661  0.00234661  1.5247  0.688322  0.277586  0.234078  1.56725  1.33317 2940.05 0
 1     352     0.6   0.00234661  0.00234661  1.5247  0.688322  0.277586  0.234078  1.56725  1.33317 2940.05 5
 1     352     0.6   0.00234661  0.00234661  1.5247  0.688322  0.277586  0.234078  1.56725  1.33317 2940.05 0
 1     361     0.6   0.00234661  0.00234661  1.5247  0.688322  0.277586  0.234078  1.56725  1.33317 2940.05 8
 1     361     0.6   0.00234661  0.00234661  1.5247  0.688322  0.277586  0.234078  1.56725  1.33317 2940.05 0
 1     365     0.6   0.00234661  0.00234661  1.5247  0.688322  0.277586  0.234078  1.56725  1.33317 2940.05 3
 1     365     0.6   0.00234661  0.00234661  1.5247  0.688322  0.277586  0.234078  1.56725  1.33317 2940.05 0
 1     366     0.6   0.00234661  0.00234661  1.5247  0.688322  0.277586  0.234078  1.56725  1.33317 2940.05 0
 1     366     0.6   0.00234661  0.00234661  1.5247  0.688322  0.277586  0.234078  1.56725  1.33317 2940.05 0
 1     369     0.6   0.00234661  0.00234661  1.5247  0.688322  0.277586  0.234078  1.56725  1.33317 2940.05 2
 1     369     0.6   0.00234661  0.00234661  1.5247  0.688322  0.277586  0.234078  1.56725  1.33317 2940.05 0
 1     389     0.6   0.00234661  0.00234661  1.5247  0.688322  0.277586  0.234078  1.56725  1.33317 2940.05 19
 1     389     0.6   0.00234661  0.00234661  1.5247  0.688322  0.277586  0.234078  1.56725  1.33317 2940.05 0
 1     435     0.7   0.00234661  0.00234661  1.5247  0.688322  0.277586  0.234078  1.56725  1.33317 2940.05 45
 1     435     0.7   0.00234661  0.00234661  1.5247  0.688322  0.277586  0.234078  1.56725  1.33317 2940.05 0
 1     459     0.8   0.00234661  0.00234661  1.5247  0.688322  0.277586  0.234078  1.56725  1.33317 2940.05 23
 1     459     0.8   0.00234661  0.00234661  1.5247  0.688322  0.277586  0.234078  1.56725  1.33317 2940.05 0
 1     475     0.8   0.00234661  0.00234661  1.5247  0.688322  0.277586  0.234078  1.56725  1.33317 2940.05 15
 1     475     0.8   0.00234661  0.00234661  1.5247  0.688322  0.277586  0.234078  1.56725  1.33317 2940.05 0
 1     489     0.8   0.00234661  0.00234661  1.5247  0.688322  0.277586  0.234078  1.56725  1.33317 2940.05 13
 1     489     0.8   0.00234661  0.00234661  1.5247  0.688322  0.277586  0.234078  1.56725  1.33317 2940.05 0
 1     508     0.9   0.00234661  0.00234661  1.5247  0.688322  0.277586  0.234078  1.56725  1.33317 2940.05 18
 1     508     0.9   0.00234661  0.00234661  1.5247  0.688322  0.277586  0.234078  1.56725  1.33317 2940.05 0
 2     539     0.9   0.00234661  0.00234661  1.5247  0.688322  0.277586  0.234078  1.56725  1.33317 2940.05 30
 2     539     0.9   0.00234661  0.00234661  1.5247  0.688322  0.277586  0.234078  1.56725  1.33317 2940.05 0
 2     609     1.0   0.00234661  0.00234661  1.5247  0.688322  0.277586  0.234078  1.56725  1.33317 2940.05 69
 2     609     1.0   0.00234661  0.00234661  1.5247  0.688322  0.277586  0.234078  1.56725  1.33317 2940.05 0
 2     634     1.1   0.00234661  0.00234661  1.5247  0.688322  0.277586  0.234078  1.56725  1.33317 2940.05 24
 2     634     1.1   0.00234661  0.00234661  1.5247  0.688322  0.277586  0.234078  1.56725  1.33317 2940.05 0
 2     657     1.1   0.00234661  0.00234661  1.5247  0.688322  0.277586  0.234078  1.56725  1.33317 2940.05 22
 2     657     1.1   0.00234661  0.00234661  1.5247  0.688322  0.277586  0.234078  1.56725  1.33317 2940.05 0
 2     727     1.2   0.00234661  0.00234661  1.5247  0.688322  0.277586  0.234078  1.56725  1.33317 2940.05 69
 2     727     1.2   0.00235922  0.00235922  1.5247  0.681486  0.237917  0.216299  1.64115  1.42485 2891.51 0
 2     732     1.2   0.00235922  0.00235922  1.5247  0.681486  0.237917  0.216299  1.64115  1.42485 2891.51 4
 2     732     1.2   0.00235922  0.00235922  1.5247  0.681486  0.237917  0.216299  1.64115  1.42485 2891.51 0
 2     801     1.4   0.00235922  0.00235922  1.5247  0.681486  0.237917  0.216299  1.64115  1.42485 2891.51 68
 2     801     1.4   0.00235922  0.00235922  1.5247  0.681486  0.237917  0.216299  1.64115  1.42485 2891.51 0
 2     802     1.4   0.00235922  0.00235922  1.5247  0.681486  0.237917  0.216299  1.64115  1.42485 2891.51 0
 2     802     1.4   0.00235922  0.00235922  1.5247  0.681486  0.237917  0.216299  1.64115  1.42485 2891.51 0
 2     867     1.5   0.00235922  0.00235922  1.5247  0.681486  0.237917  0.216299  1.64115  1.42485 2891.51 64
 2     867     1.5   0.00235922  0.00235922  1.5247  0.681486  0.237917  0.216299  1.64115  1.42485 2891.51 0
 3     901     1.5   0.00235922  0.00235922  1.5247  0.681486  0.237917  0.216299  1.64115  1.42485 2891.51 33
 3     901     1.5   0.00241707  0.00241707  1.5720  0.691177  0.237577  0.256645  1.51798  1.26134 2886.26 0
 3     947     1.6   0.00241707  0.00241707  1.5720  0.691177  0.237577  0.256645  1.51798  1.26134 2886.26 45
 3     947     1.6   0.00241707  0.00241707  1.5720  0.691177  0.237577  0.256645  1.51798  1.26134 2886.26 0
 3    1006     1.7   0.00241707  0.00241707  1.5720  0.691177  0.237577  0.256645  1.51798  1.26134 2886.26 58
 3    1006     1.7   0.00241707  0.00241707  1.5720  0.691177  0.237577  0.256645  1.51798  1.26134 2886.26 0
 3    1013     1.7   0.00241707  0.00241707  1.5720  0.691177  0.237577  0.256645  1.51798  1.26134 2886.26 6
 3    1013     1.7   0.00241707  0.00241707  1.5720  0.691177  0.237577  0.256645  1.51798  1.26134 2886.26 0
 3    1137     1.9   0.00241707  0.00241707  1.5720  0.691177  0.237577  0.256645  1.51798  1.26134 2886.26 123
 3    1137     1.9   0.00241707  0.00241707  1.5720  0.691177  0.237577  0.256645  1.51798  1.26134 2886.26 0
 3    1194     2.0   0.00241707  0.00241707  1.5720  0.691177  0.237577  0.256645  1.51798  1.26134 2886.26 56
 3    1194     2.0   0.00241707  0.00241707  1.5720  0.691177  0.237577  0.256645  1.51798  1.26134 2886.26 0
 4    1325     2.2   0.00241707  0.00241707  1.5720  0.691177  0.237577  0.256645  1.51798  1.26134 2886.26 130
 4    1325     2.2   0.00241707  0.00241707  1.5720  0.691177  0.237577  0.256645  1.51798  1.26134 2886.26 0
 4    1383     2.3   0.00241707  0.00241707  1.5720  0.691177  0.237577  0.256645  1.51798  1.26134 2886.26 57
 4    1383     2.3   0.00246314  0.00246314  1.5247  0.715038  0.248694  0.240949  1.80397  1.56302 2848.58 0
 4    1401     2.4   0.00246314  0.00246314  1.5247  0.715038  0.248694  0.240949  1.80397  1.56302 2848.58 17
 4    1401     2.4   0.00246314  0.00246314  1.5247  0.715038  0.248694  0.240949  1.80397  1.56302 2848.58 0
 4    1405     2.4   0.00246314  0.00246314  1.5247  0.715038  0.248694  0.240949  1.80397  1.56302 2848.58 3
 4    1405     2.4   0.00246314  0.00246314  1.5247  0.715038  0.248694  0.240949  1.80397  1.56302 2848.58 0
 4    1408     2.4   0.00246314  0.00246314  1.5247  0.715038  0.248694  0.240949  1.80397  1.56302 2848.58 2
 4    1408     2.4   0.00246314  0.00246314  1.5247  0.715038  0.248694  0.240949  1.80397  1.56302 2848.58 0
 5    1699     2.9   0.00246314  0.00246314  1.5247  0.715038  0.248694  0.240949  1.80397  1.56302 2848.58 290
 5    1699     2.9   0.00246314  0.00246314  1.5247  0.715038  0.248694  0.240949  1.80397  1.56302 2848.58 0
 5    1763     3.0   0.00246314  0.00246314  1.5247  0.715038  0.248694  0.240949  1.80397  1.56302 2848.58 63
 5    1763     3.0   0.00249617  0.00249617  1.5483  0.71483  0.224544  0.268987  1.48386  1.21488 2854.61 0
 6    2162     3.6   0.00249617  0.00249617  1.5483  0.71483  0.224544  0.268987  1.48386  1.21488 2854.61 398
 6    2162     3.6   0.00249617  0.00249617  1.5483  0.71483  0.224544  0.268987  1.48386  1.21488 2854.61 0
 6    2234     3.8   0.00249617  0.00249617  1.5483  0.71483  0.224544  0.268987  1.48386  1.21488 2854.61 71
 6    2234     3.8   0.00249617  0.00249617  1.5483  0.71483  0.224544  0.268987  1.48386  1.21488 2854.61 0
 6    2236     3.8   0.00249617  0.00249617  1.5483  0.71483  0.224544  0.268987  1.48386  1.21488 2854.61 1
 6    2236     3.8   0.00249617  0.00249617  1.5483  0.71483  0.224544  0.268987  1.48386  1.21488 2854.61 0
 6    2247     3.8   0.00249617  0.00249617  1.5483  0.71483  0.224544  0.268987  1.48386  1.21488 2854.61 10
 6    2247     3.8   0.00249617  0.00249617  1.5483  0.71483  0.224544  0.268987  1.48386  1.21488 2854.61 0
 6    2259     3.8   0.00249617  0.00249617  1.5483  0.71483  0.224544  0.268987  1.48386  1.21488 2854.61 11
 6    2259     3.8   0.00249617  0.00249617  1.5483  0.71483  0.224544  0.268987  1.48386  1.21488 2854.61 0
 7    2395     4.0   0.00249617  0.00249617  1.5483  0.71483  0.224544  0.268987  1.48386  1.21488 2854.61 135
 7    2395     4.0   0.00249617  0.00249617  1.5483  0.71483  0.224544  0.268987  1.48386  1.21488 2854.61 0
 7    2403     4.1   0.00249617  0.00249617  1.5483  0.71483  0.224544  0.268987  1.48386  1.21488 2854.61 7
 7    2403     4.1   0.00249617  0.00249617  1.5483  0.71483  0.224544  0.268987  1.48386  1.21488 2854.61 0
 7    2569     4.3   0.00249617  0.00249617  1.5483  0.71483  0.224544  0.268987  1.48386  1.21488 2854.61 165
 7    2569     4.3   0.00249617  0.00249617  1.5483  0.71483  0.224544  0.268987  1.48386  1.21488 2854.61 0
 7    2601     4.4   0.00249617  0.00249617  1.5483  0.71483  0.224544  0.268987  1.48386  1.21488 2854.61 31
 7    2601     4.4   0.00249617  0.00249617  1.5483  0.71483  0.224544  0.268987  1.48386  1.21488 2854.61 0
 7    2611     4.4   0.00249617  0.00249617  1.5483  0.71483  0.224544  0.268987  1.48386  1.21488 2854.61 9
 7    2611     4.4   0.00249617  0.00249617  1.5483  0.71483  0.224544  0.268987  1.48386  1.21488 2854.61 0
 7    2635     4.4   0.00249617  0.00249617  1.5483  0.71483  0.224544  0.268987  1.48386  1.21488 2854.61 23
 7    2635     4.4   0.00254123  0.00254123  1.5483  0.708818  0.205298  0.292592  1.43229  1.1397 2895.39 0
 8    2710     4.6   0.00254123  0.00254123  1.5483  0.708818  0.205298  0.292592  1.43229  1.1397 2895.39 74
 8    2710     4.6   0.00254123  0.00254123  1.5483  0.708818  0.205298  0.292592  1.43229  1.1397 2895.39 0
 8    2749     4.6   0.00254123  0.00254123  1.5483  0.708818  0.205298  0.292592  1.43229  1.1397 2895.39 38
 8    2749     4.6   0.00254123  0.00254123  1.5483  0.708818  0.205298  0.292592  1.43229  1.1397 2895.39 0
 8    2968     5.0   0.00254123  0.00254123  1.5483  0.708818  0.205298  0.292592  1.43229  1.1397 2895.39 218
 8    2968     5.0   0.00254123  0.00254123  1.5483  0.708818  0.205298  0.292592  1.43229  1.1397 2895.39 0
 9    3170     5.3   0.00254123  0.00254123  1.5483  0.708818  0.205298  0.292592  1.43229  1.1397 2895.39 201
 9    3170     5.3   0.00254123  0.00254123  1.5483  0.708818  0.205298  0.292592  1.43229  1.1397 2895.39 0
10    3506     5.9   0.00254123  0.00254123  1.5483  0.708818  0.205298  0.292592  1.43229  1.1397 2895.39 335
10    3506     5.9   0.00254123  0.00254123  1.5483  0.708818  0.205298  0.292592  1.43229  1.1397 2895.39 0
10    3519     5.9   0.00254123  0.00254123  1.5483  0.708818  0.205298  0.292592  1.43229  1.1397 2895.39 12
10    3519     5.9   0.00254373  0.00254373  1.5483  0.712671  0.213538  0.309567  1.44926  1.1397 2858.5 0
10    3564     6.0   0.00254373  0.00254373  1.5483  0.712671  0.213538  0.309567  1.44926  1.1397 2858.5 45
10    3622     6.1   0.00254373  0.00254373  1.5483  0.712671  0.213538  0.309567  1.44926  1.1397 2858.5 102
10    3622     6.1   0.00254373  0.00254373  1.5483  0.712671  0.213538  0.309567  1.44926  1.1397 2858.5 0
10    3633     6.1   0.00254373  0.00254373  1.5483  0.712671  0.213538  0.309567  1.44926  1.1397 2858.5 10
10    3633     6.1   0.00254373  0.00254373  1.5483  0.712671  0.213538  0.309567  1.44926  1.1397 2858.5 0
10    3730     6.3   0.00254373  0.00254373  1.5483  0.712671  0.213538  0.309567  1.44926  1.1397 2858.5 96
10    3730     6.3   0.00254373  0.00254373  1.5483  0.712671  0.213538  0.309567  1.44926  1.1397 2858.5 0
11    3779     6.4   0.00254373  0.00254373  1.5483  0.712671  0.213538  0.309567  1.44926  1.1397 2858.5 48
11    3779     6.4   0.00254373  0.00254373  1.5483  0.712671  0.213538  0.309567  1.44926  1.1397 2858.5 0
11    3851     6.5   0.00254373  0.00254373  1.5483  0.712671  0.213538  0.309567  1.44926  1.1397 2858.5 71
11    3851     6.5   0.00254373  0.00254373  1.5483  0.712671  0.213538  0.309567  1.44926  1.1397 2858.5 0
11    3852     6.5   0.00254373  0.00254373  1.5483  0.712671  0.213538  0.309567  1.44926  1.1397 2858.5 0
11    3852     6.5   0.00254373  0.00254373  1.5483  0.712671  0.213538  0.309567  1.44926  1.1397 2858.5 0
11    3943     6.7   0.00254373  0.00254373  1.5483  0.712671  0.213538  0.309567  1.44926  1.1397 2858.5 90
11    3943     6.7   0.00254373  0.00254373  1.5483  0.712671  0.213538  0.309567  1.44926  1.1397 2858.5 0
11    4014     6.8   0.00254373  0.00254373  1.5483  0.712671  0.213538  0.309567  1.44926  1.1397 2858.5 70
11    4014     6.8   0.00254373  0.00254373  1.5483  0.712671  0.213538  0.309567  1.44926  1.1397 2858.5 0
12    4093     6.9   0.00254373  0.00254373  1.5483  0.712671  0.213538  0.309567  1.44926  1.1397 2858.5 78
12    4093     6.9   0.00254373  0.00254373  1.5483  0.712671  0.213538  0.309567  1.44926  1.1397 2858.5 0
12    4252     7.2   0.00254373  0.00254373  1.5483  0.712671  0.213538  0.309567  1.44926  1.1397 2858.5 158
12    4252     7.2   0.00254373  0.00254373  1.5483  0.712671  0.213538  0.309567  1.44926  1.1397 2858.5 0
12    4300     7.2   0.00254373  0.00254373  1.5483  0.712671  0.213538  0.309567  1.44926  1.1397 2858.5 47
12    4300     7.2   0.00254373  0.00254373  1.5483  0.712671  0.213538  0.309567  1.44926  1.1397 2858.5 0
12    4336     7.3   0.00254373  0.00254373  1.5483  0.712671  0.213538  0.309567  1.44926  1.1397 2858.5 35
12    4336     7.3   0.00254373  0.00254373  1.5483  0.712671  0.213538  0.309567  1.44926  1.1397 2858.5 0
12    4430     7.5   0.00254373  0.00254373  1.5483  0.712671  0.213538  0.309567  1.44926  1.1397 2858.5 93
12    4430     7.5   0.00254373  0.00254373  1.5483  0.712671  0.213538  0.309567  1.44926  1.1397 2858.5 0
12    4444     7.5   0.00254373  0.00254373  1.5483  0.712671  0.213538  0.309567  1.44926  1.1397 2858.5 13
12    4444     7.5   0.00254373  0.00254373  1.5483  0.712671  0.213538  0.309567  1.44926  1.1397 2858.5 0
13    4521     7.6   0.00254373  0.00254373  1.5483  0.712671  0.213538  0.309567  1.44926  1.1397 2858.5 76
13    4521     7.6   0.00254373  0.00254373  1.5483  0.712671  0.213538  0.309567  1.44926  1.1397 2858.5 0
15    5205     8.8   0.00254373  0.00254373  1.5483  0.712671  0.213538  0.309567  1.44926  1.1397 2858.5 683
15    5205     8.8   0.00254373  0.00254373  1.5483  0.712671  0.213538  0.309567  1.44926  1.1397 2858.5 0
15    5282     8.9   0.00254373  0.00254373  1.5483  0.712671  0.213538  0.309567  1.44926  1.1397 2858.5 76
15    5282     8.9   0.00254373  0.00254373  1.5483  0.712671  0.213538  0.309567  1.44926  1.1397 2858.5 0
15    5286     8.9   0.00254373  0.00254373  1.5483  0.712671  0.213538  0.309567  1.44926  1.1397 2858.5 3
15    5286     8.9   0.00254373  0.00254373  1.5483  0.712671  0.213538  0.309567  1.44926  1.1397 2858.5 0
15    5390     9.1   0.00254373  0.00254373  1.5483  0.712671  0.213538  0.309567  1.44926  1.1397 2858.5 103
15    5390     9.1   0.00254373  0.00254373  1.5483  0.712671  0.213538  0.309567  1.44926  1.1397 2858.5 0
15    5454     9.2   0.00254373  0.00254373  1.5483  0.712671  0.213538  0.309567  1.44926  1.1397 2858.5 63
15    5454     9.2   0.00254373  0.00254373  1.5483  0.712671  0.213538  0.309567  1.44926  1.1397 2858.5 0
16    5614     9.5   0.00254373  0.00254373  1.5483  0.712671  0.213538  0.309567  1.44926  1.1397 2858.5 159
16    5614     9.5   0.00254373  0.00254373  1.5483  0.712671  0.213538  0.309567  1.44926  1.1397 2858.5 0
17    5888     9.9   0.00254373  0.00254373  1.5483  0.712671  0.213538  0.309567  1.44926  1.1397 2858.5 273
17    5888     9.9   0.00254373  0.00254373  1.5483  0.712671  0.213538  0.309567  1.44926  1.1397 2858.5 0
17    6056    10.2   0.00254373  0.00254373  1.5483  0.712671  0.213538  0.309567  1.44926  1.1397 2858.5 167
17    6056    10.2   0.00254373  0.00254373  1.5483  0.712671  0.213538  0.309567  1.44926  1.1397 2858.5 0
18    6281    10.6   0.00254373  0.00254373  1.5483  0.712671  0.213538  0.309567  1.44926  1.1397 2858.5 224
18    6281    10.6   0.00254373  0.00254373  1.5483  0.712671  0.213538  0.309567  1.44926  1.1397 2858.5 0
18    6455    10.9   0.00254373  0.00254373  1.5483  0.712671  0.213538  0.309567  1.44926  1.1397 2858.5 173
18    6455    10.9   0.00254373  0.00254373  1.5483  0.712671  0.213538  0.309567  1.44926  1.1397 2858.5 0
19    6801    11.5   0.00254373  0.00254373  1.5483  0.712671  0.213538  0.309567  1.44926  1.1397 2858.5 345
19    6801    11.5   0.00254373  0.00254373  1.5483  0.712671  0.213538  0.309567  1.44926  1.1397 2858.5 0
20    6949    11.7   0.00254373  0.00254373  1.5483  0.712671  0.213538  0.309567  1.44926  1.1397 2858.5 147
20    6949    11.7   0.00254373  0.00254373  1.5483  0.712671  0.213538  0.309567  1.44926  1.1397 2858.5 0
20    7027    11.9   0.00254373  0.00254373  1.5483  0.712671  0.213538  0.309567  1.44926  1.1397 2858.5 77
20    7027    11.9   0.00254373  0.00254373  1.5483  0.712671  0.213538  0.309567  1.44926  1.1397 2858.5 0
20    7130    12.0   0.00254373  0.00254373  1.5483  0.712671  0.213538  0.309567  1.44926  1.1397 2858.5 103
21    7567    12.8   0.00254373  0.00254373  1.5483  0.712671  0.213538  0.309567  1.44926  1.1397 2858.5 539
21    7567    12.8   0.00254373  0.00254373  1.5483  0.712671  0.213538  0.309567  1.44926  1.1397 2858.5 0
22    7737    13.1   0.00254373  0.00254373  1.5483  0.712671  0.213538  0.309567  1.44926  1.1397 2858.5 169
22    7737    13.1   0.00254373  0.00254373  1.5483  0.712671  0.213538  0.309567  1.44926  1.1397 2858.5 0
22    7901    13.3   0.00254373  0.00254373  1.5483  0.712671  0.213538  0.309567  1.44926  1.1397 2858.5 163
22    7901    13.3   0.00254373  0.00254373  1.5483  0.712671  0.213538  0.309567  1.44926  1.1397 2858.5 0
23    8236    13.9   0.00254373  0.00254373  1.5483  0.712671  0.213538  0.309567  1.44926  1.1397 2858.5 334
23    8236    13.9   0.00254373  0.00254373  1.5483  0.712671  0.213538  0.309567  1.44926  1.1397 2858.5 0
24    8595    14.5   0.00254373  0.00254373  1.5483  0.712671  0.213538  0.309567  1.44926  1.1397 2858.5 358
24    8595    14.5   0.00254373  0.00254373  1.5483  0.712671  0.213538  0.309567  1.44926  1.1397 2858.5 0
24    8597    14.5   0.00254373  0.00254373  1.5483  0.712671  0.213538  0.309567  1.44926  1.1397 2858.5 1
24    8597    14.5   0.00254373  0.00254373  1.5483  0.712671  0.213538  0.309567  1.44926  1.1397 2858.5 0
27    9703    16.4   0.00254373  0.00254373  1.5483  0.712671  0.213538  0.309567  1.44926  1.1397 2858.5 1105
27    9703    16.4   0.00255035  0.00255035  1.5720  0.719429  0.230238  0.311591  1.66118  1.34959 2870.21 0
30   10700    18.0   0.00255035  0.00255035  1.5720  0.719429  0.230238  0.311591  1.66118  1.34959 2870.21 996
30   10700    18.0   0.00255035  0.00255035  1.5720  0.719429  0.230238  0.311591  1.66118  1.34959 2870.21 0
30   10704    18.1   0.00255035  0.00255035  1.5720  0.719429  0.230238  0.311591  1.66118  1.34959 2870.21 4
40   14275    24.1   0.00255035  0.00255035  1.5720  0.719429  0.230238  0.311591  1.66118  1.34959 2870.21 3575
40   14299    24.1   0.00255035  0.00255035  1.5720  0.719429  0.230238  0.311591  1.66118  1.34959 2870.21 3598
40   14299    24.1   0.00255035  0.00255035  1.5720  0.719429  0.230238  0.311591  1.66118  1.34959 2870.21 0
42   14970    25.2   0.00255035  0.00255035  1.5720  0.719429  0.230238  0.311591  1.66118  1.34959 2870.21 670
42   14970    25.2   0.00255035  0.00255035  1.5720  0.719429  0.230238  0.311591  1.66118  1.34959 2870.21 0
47   16634    28.0   0.00255035  0.00255035  1.5720  0.719429  0.230238  0.311591  1.66118  1.34959 2870.21 1663
47   16634    28.0   0.00255035  0.00255035  1.5720  0.719429  0.230238  0.311591  1.66118  1.34959 2870.21 0
47   16756    28.2   0.00255035  0.00255035  1.5720  0.719429  0.230238  0.311591  1.66118  1.34959 2870.21 121
47   16756    28.2   0.00255035  0.00255035  1.5720  0.719429  0.230238  0.311591  1.66118  1.34959 2870.21 0
47   16879    28.4   0.00255035  0.00255035  1.5720  0.719429  0.230238  0.311591  1.66118  1.34959 2870.21 122
47   16879    28.4   0.00255035  0.00255035  1.5720  0.719429  0.230238  0.311591  1.66118  1.34959 2870.21 0
50   17850    30.1   0.00255035  0.00255035  1.5720  0.719429  0.230238  0.311591  1.66118  1.34959 2870.21 971
52   18527    31.2   0.00255035  0.00255035  1.5720  0.719429  0.230238  0.311591  1.66118  1.34959 2870.21 1647
52   18527    31.2   0.00255035  0.00255035  1.5720  0.719429  0.230238  0.311591  1.66118  1.34959 2870.21 0
52   18530    31.2   0.00255035  0.00255035  1.5720  0.719429  0.230238  0.311591  1.66118  1.34959 2870.21 2
52   18530    31.2   0.00255035  0.00255035  1.5720  0.719429  0.230238  0.311591  1.66118  1.34959 2870.21 0
54   19046    32.1   0.00255035  0.00255035  1.5720  0.719429  0.230238  0.311591  1.66118  1.34959 2870.21 515
54   19046    32.1   0.00255035  0.00255035  1.5720  0.719429  0.230238  0.311591  1.66118  1.34959 2870.21 0
60   21389    36.1   0.00255035  0.00255035  1.5720  0.719429  0.230238  0.311591  1.66118  1.34959 2870.21 2343
60   21400    36.1   0.00255035  0.00255035  1.5720  0.719429  0.230238  0.311591  1.66118  1.34959 2870.21 2353
60   21400    36.1   0.00255035  0.00255035  1.5720  0.719429  0.230238  0.311591  1.66118  1.34959 2870.21 0
64   22603    38.1   0.00255035  0.00255035  1.5720  0.719429  0.230238  0.311591  1.66118  1.34959 2870.21 1202
64   22603    38.1   0.00255035  0.00255035  1.5720  0.719429  0.230238  0.311591  1.66118  1.34959 2870.21 0
64   22801    38.5   0.00255035  0.00255035  1.5720  0.719429  0.230238  0.311591  1.66118  1.34959 2870.21 197
64   22801    38.5   0.00255035  0.00255035  1.5720  0.719429  0.230238  0.311591  1.66118  1.34959 2870.21 0
70   24928    42.1   0.00255035  0.00255035  1.5720  0.719429  0.230238  0.311591  1.66118  1.34959 2870.21 2127
73   25916    43.8   0.00255035  0.00255035  1.5720  0.719429  0.230238  0.311591  1.66118  1.34959 2870.21 3114
73   25916    43.8   0.00255035  0.00255035  1.5720  0.719429  0.230238  0.311591  1.66118  1.34959 2870.21 0
74   26097    44.1   0.00255035  0.00255035  1.5720  0.719429  0.230238  0.311591  1.66118  1.34959 2870.21 180
74   26097    44.1   0.00255035  0.00255035  1.5720  0.719429  0.230238  0.311591  1.66118  1.34959 2870.21 0
79   28123    47.6   0.00255035  0.00255035  1.5720  0.719429  0.230238  0.311591  1.66118  1.34959 2870.21 2025
79   28123    47.6   0.00255035  0.00255035  1.5720  0.719429  0.230238  0.311591  1.66118  1.34959 2870.21 0
80   28422    48.0   0.00255035  0.00255035  1.5720  0.719429  0.230238  0.311591  1.66118  1.34959 2870.21 298
80   28422    48.0   0.00256338  0.00256338  1.5602  0.731755  0.237658  0.241151  1.57063  1.32948 2889.5 0
80   28469    48.1   0.00256338  0.00256338  1.5602  0.731755  0.237658  0.241151  1.57063  1.32948 2889.5 47
86   30530    51.6   0.00256338  0.00256338  1.5602  0.731755  0.237658  0.241151  1.57063  1.32948 2889.5 2107
86   30530    51.6   0.00257735  0.00257735  1.5247  0.745588  0.251811  0.294403  1.61861  1.3242 2820.89 0
88   31228    52.8   0.00257735  0.00257735  1.5247  0.745588  0.251811  0.294403  1.61861  1.3242 2820.89 696
88   31228    52.8   0.00257735  0.00257735  1.5247  0.745588  0.251811  0.294403  1.61861  1.3242 2820.89 0
90   32032    54.1   0.00257735  0.00257735  1.5247  0.745588  0.251811  0.294403  1.61861  1.3242 2820.89 804
100   35492    60.0   0.00257735  0.00257735  1.5247  0.745588  0.251811  0.294403  1.61861  1.3242 2820.89 4262
100   35492    60.0   0.00259233  0.00259233  1.5365  0.731312  0.241359  0.298109  1.98594  1.68783 2895.56 0
100   35494    60.0   0.00259233  0.00259233  1.5365  0.731312  0.241359  0.298109  1.98594  1.68783 2895.56 2
EndUpdateLog

Done
